{
  "stats": {
    "suites": 2,
    "tests": 13,
    "passes": 13,
    "pending": 0,
    "failures": 0,
    "start": "2017-05-03T00:26:39.418Z",
    "end": "2017-05-03T00:26:42.519Z",
    "duration": 3101,
    "testsRegistered": 13,
    "passPercent": 100,
    "pendingPercent": 0,
    "other": 0,
    "hasOther": false,
    "skipped": 0,
    "hasSkipped": false,
    "passPercentClass": "success",
    "pendingPercentClass": "danger"
  },
  "suites": {
    "title": "",
    "suites": [
      {
        "title": "Heating API unit tests",
        "suites": [],
        "tests": [
          {
            "title": "Should return the heating downstairs document: Happy Path",
            "fullTitle": "Heating API unit tests Should return the heating downstairs document: Happy Path",
            "timedOut": false,
            "duration": 2763,
            "state": "passed",
            "speed": "slow",
            "pass": true,
            "fail": false,
            "pending": false,
            "code": "this.timeout(120000);\n(0, _supertest2.default)(_server.server).get(\"/api/heating/1\").expect(\"Content-type\", /json/).expect(200).end(function (err, res) {\n  res.status.should.equal(200);\n  done();\n});",
            "err": {},
            "isRoot": false,
            "uuid": "6b47e69d-e764-492a-a254-717dbddcd2d0",
            "parentUUID": "e850602f-6e45-4592-9ac0-a91a22af89e3",
            "skipped": false
          },
          {
            "title": "Should return the downstairs heating On/Off status: Happy Path",
            "fullTitle": "Heating API unit tests Should return the downstairs heating On/Off status: Happy Path",
            "timedOut": false,
            "duration": 25,
            "state": "passed",
            "speed": "fast",
            "pass": true,
            "fail": false,
            "pending": false,
            "code": "this.timeout(120000);\n(0, _supertest2.default)(_server.server).get(\"/api/heating/1/switch\").expect(\"Content-type\", /json/).expect(200).end(function (err, res) {\n  res.status.should.equal(200);\n  res.body.should.have.property('heatingOn');\n  done();\n});",
            "err": {},
            "isRoot": false,
            "uuid": "a6d402f7-789f-4689-80d1-43639520a03f",
            "parentUUID": "e850602f-6e45-4592-9ac0-a91a22af89e3",
            "skipped": false
          },
          {
            "title": "Should return the downstairs heating thermostat value: Happy Path",
            "fullTitle": "Heating API unit tests Should return the downstairs heating thermostat value: Happy Path",
            "timedOut": false,
            "duration": 7,
            "state": "passed",
            "speed": "fast",
            "pass": true,
            "fail": false,
            "pending": false,
            "code": "this.timeout(120000);\n(0, _supertest2.default)(_server.server).get(\"/api/heating/1/setpoint\").expect(\"Content-type\", /json/).expect(200).end(function (err, res) {\n  res.status.should.equal(200);\n  res.body.should.have.property('setPoint');\n  done();\n});",
            "err": {},
            "isRoot": false,
            "uuid": "7a7e5a33-18f7-4c50-bd33-a4659bd841e4",
            "parentUUID": "e850602f-6e45-4592-9ac0-a91a22af89e3",
            "skipped": false
          },
          {
            "title": "Should return the upstairs heating On/Off status: Happy Path",
            "fullTitle": "Heating API unit tests Should return the upstairs heating On/Off status: Happy Path",
            "timedOut": false,
            "duration": 5,
            "state": "passed",
            "speed": "fast",
            "pass": true,
            "fail": false,
            "pending": false,
            "code": "this.timeout(120000);\n(0, _supertest2.default)(_server.server).get(\"/api/heating/2/switch\").expect(\"Content-type\", /json/).expect(200).end(function (err, res) {\n  res.status.should.equal(200);\n  res.body.should.have.property('heatingOn');\n  done();\n});",
            "err": {},
            "isRoot": false,
            "uuid": "3d64dc46-d278-40c1-910e-2a79b8cc80ed",
            "parentUUID": "e850602f-6e45-4592-9ac0-a91a22af89e3",
            "skipped": false
          },
          {
            "title": "Should return the upstairs heating thermostat value: Happy Path",
            "fullTitle": "Heating API unit tests Should return the upstairs heating thermostat value: Happy Path",
            "timedOut": false,
            "duration": 11,
            "state": "passed",
            "speed": "fast",
            "pass": true,
            "fail": false,
            "pending": false,
            "code": "this.timeout(120000);\n(0, _supertest2.default)(_server.server).get(\"/api/heating/2/setpoint\").expect(\"Content-type\", /json/).expect(200).end(function (err, res) {\n  res.status.should.equal(200);\n  res.body.should.have.property('setPoint');\n  done();\n});",
            "err": {},
            "isRoot": false,
            "uuid": "e04d0fca-3c58-4cb1-811c-e75b754b9b55",
            "parentUUID": "e850602f-6e45-4592-9ac0-a91a22af89e3",
            "skipped": false
          }
        ],
        "pending": [],
        "root": false,
        "_timeout": 2000,
        "file": "\\test\\testHeatingApi.js",
        "uuid": "e850602f-6e45-4592-9ac0-a91a22af89e3",
        "fullFile": "X:\\EnterpriseWebDevelopment\\lab07\\Assignment02\\homeautomation\\test\\testHeatingApi.js",
        "passes": [
          {
            "title": "Should return the heating downstairs document: Happy Path",
            "fullTitle": "Heating API unit tests Should return the heating downstairs document: Happy Path",
            "timedOut": false,
            "duration": 2763,
            "state": "passed",
            "speed": "slow",
            "pass": true,
            "fail": false,
            "pending": false,
            "code": "this.timeout(120000);\n(0, _supertest2.default)(_server.server).get(\"/api/heating/1\").expect(\"Content-type\", /json/).expect(200).end(function (err, res) {\n  res.status.should.equal(200);\n  done();\n});",
            "err": {},
            "isRoot": false,
            "uuid": "6b47e69d-e764-492a-a254-717dbddcd2d0",
            "parentUUID": "e850602f-6e45-4592-9ac0-a91a22af89e3",
            "skipped": false
          },
          {
            "title": "Should return the downstairs heating On/Off status: Happy Path",
            "fullTitle": "Heating API unit tests Should return the downstairs heating On/Off status: Happy Path",
            "timedOut": false,
            "duration": 25,
            "state": "passed",
            "speed": "fast",
            "pass": true,
            "fail": false,
            "pending": false,
            "code": "this.timeout(120000);\n(0, _supertest2.default)(_server.server).get(\"/api/heating/1/switch\").expect(\"Content-type\", /json/).expect(200).end(function (err, res) {\n  res.status.should.equal(200);\n  res.body.should.have.property('heatingOn');\n  done();\n});",
            "err": {},
            "isRoot": false,
            "uuid": "a6d402f7-789f-4689-80d1-43639520a03f",
            "parentUUID": "e850602f-6e45-4592-9ac0-a91a22af89e3",
            "skipped": false
          },
          {
            "title": "Should return the downstairs heating thermostat value: Happy Path",
            "fullTitle": "Heating API unit tests Should return the downstairs heating thermostat value: Happy Path",
            "timedOut": false,
            "duration": 7,
            "state": "passed",
            "speed": "fast",
            "pass": true,
            "fail": false,
            "pending": false,
            "code": "this.timeout(120000);\n(0, _supertest2.default)(_server.server).get(\"/api/heating/1/setpoint\").expect(\"Content-type\", /json/).expect(200).end(function (err, res) {\n  res.status.should.equal(200);\n  res.body.should.have.property('setPoint');\n  done();\n});",
            "err": {},
            "isRoot": false,
            "uuid": "7a7e5a33-18f7-4c50-bd33-a4659bd841e4",
            "parentUUID": "e850602f-6e45-4592-9ac0-a91a22af89e3",
            "skipped": false
          },
          {
            "title": "Should return the upstairs heating On/Off status: Happy Path",
            "fullTitle": "Heating API unit tests Should return the upstairs heating On/Off status: Happy Path",
            "timedOut": false,
            "duration": 5,
            "state": "passed",
            "speed": "fast",
            "pass": true,
            "fail": false,
            "pending": false,
            "code": "this.timeout(120000);\n(0, _supertest2.default)(_server.server).get(\"/api/heating/2/switch\").expect(\"Content-type\", /json/).expect(200).end(function (err, res) {\n  res.status.should.equal(200);\n  res.body.should.have.property('heatingOn');\n  done();\n});",
            "err": {},
            "isRoot": false,
            "uuid": "3d64dc46-d278-40c1-910e-2a79b8cc80ed",
            "parentUUID": "e850602f-6e45-4592-9ac0-a91a22af89e3",
            "skipped": false
          },
          {
            "title": "Should return the upstairs heating thermostat value: Happy Path",
            "fullTitle": "Heating API unit tests Should return the upstairs heating thermostat value: Happy Path",
            "timedOut": false,
            "duration": 11,
            "state": "passed",
            "speed": "fast",
            "pass": true,
            "fail": false,
            "pending": false,
            "code": "this.timeout(120000);\n(0, _supertest2.default)(_server.server).get(\"/api/heating/2/setpoint\").expect(\"Content-type\", /json/).expect(200).end(function (err, res) {\n  res.status.should.equal(200);\n  res.body.should.have.property('setPoint');\n  done();\n});",
            "err": {},
            "isRoot": false,
            "uuid": "e04d0fca-3c58-4cb1-811c-e75b754b9b55",
            "parentUUID": "e850602f-6e45-4592-9ac0-a91a22af89e3",
            "skipped": false
          }
        ],
        "failures": [],
        "skipped": [],
        "hasTests": true,
        "hasSuites": false,
        "totalTests": 5,
        "totalPasses": 5,
        "totalFailures": 0,
        "totalPending": 0,
        "totalSkipped": 0,
        "hasPasses": true,
        "hasFailures": false,
        "hasPending": false,
        "hasSkipped": false,
        "duration": 2811,
        "rootEmpty": false
      },
      {
        "title": "Lighting API unit tests",
        "suites": [],
        "tests": [
          {
            "title": "Should return collection of JSON documents: Happy Path",
            "fullTitle": "Lighting API unit tests Should return collection of JSON documents: Happy Path",
            "timedOut": false,
            "duration": 18,
            "state": "passed",
            "speed": "fast",
            "pass": true,
            "fail": false,
            "pending": false,
            "code": "(0, _supertest2.default)(_server.server).get(\"/api/lighting\").expect(\"Content-type\", /json/).expect(200).end(function (err, res) {\n  res.status.should.equal(200);\n  done();\n});",
            "err": {},
            "isRoot": false,
            "uuid": "8f423b59-3055-4d87-9616-ba2b87ab5c56",
            "parentUUID": "15b64d43-cb62-46bb-86aa-668cd54a70e9",
            "skipped": false
          },
          {
            "title": "Should add a new light: Happy Path",
            "fullTitle": "Lighting API unit tests Should add a new light: Happy Path",
            "timedOut": false,
            "duration": 52,
            "state": "passed",
            "speed": "medium",
            "pass": true,
            "fail": false,
            "pending": false,
            "code": "(0, _supertest2.default)(_server.server).post('/api/lighting').send({ title: \"Dog House\", areaId: 1, lightOn: false }).expect(\"Content-type\", /json/).expect(200).end(function (err, res) {\n  res.status.should.equal(200);\n  res.body.light.should.have.property('_id');\n  res.body.light.title.should.equal('Dog House');\n  done();\n});",
            "err": {},
            "isRoot": false,
            "uuid": "c54ddf7f-0afd-4a63-9c2d-4103dc778066",
            "parentUUID": "15b64d43-cb62-46bb-86aa-668cd54a70e9",
            "skipped": false
          },
          {
            "title": "Should update all appropriate lights documents and return the number of updated documents: Happy Path",
            "fullTitle": "Lighting API unit tests Should update all appropriate lights documents and return the number of updated documents: Happy Path",
            "timedOut": false,
            "duration": 13,
            "state": "passed",
            "speed": "fast",
            "pass": true,
            "fail": false,
            "pending": false,
            "code": "(0, _supertest2.default)(_server.server).put('/api/lighting').send({ lightOn: true }).expect(\"Content-type\", /json/).expect(200).end(function (err, res) {\n  res.status.should.equal(200);\n  res.body.should.have.property('num');\n  done();\n});",
            "err": {},
            "isRoot": false,
            "uuid": "d704bbba-188a-4134-8883-994843f441e0",
            "parentUUID": "15b64d43-cb62-46bb-86aa-668cd54a70e9",
            "skipped": false
          },
          {
            "title": "Should delete the specified light document: Happy Path",
            "fullTitle": "Lighting API unit tests Should delete the specified light document: Happy Path",
            "timedOut": false,
            "duration": 24,
            "state": "passed",
            "speed": "fast",
            "pass": true,
            "fail": false,
            "pending": false,
            "code": "(0, _supertest2.default)(_server.server).get(\"/api/lighting\").expect(\"Content-type\", /json/).expect(200).end(function (err, res) {\n  var id = res.body[0]._id;\n  (0, _supertest2.default)(_server.server).delete(\"/api/lighting/\" + id).expect(\"Content-type\", /json/).expect(200).end(function (err, res) {\n    res.status.should.equal(200);\n    res.body.light.should.have.property('_id');\n    res.body.light.should.have.property('title');\n    res.body.light.should.have.property('areaId');\n    res.body.light.should.have.property('lightOn');\n    done();\n  });\n});",
            "err": {},
            "isRoot": false,
            "uuid": "0855b0d1-8949-4937-baca-9999446ee141",
            "parentUUID": "15b64d43-cb62-46bb-86aa-668cd54a70e9",
            "skipped": false
          },
          {
            "title": "Should delete the specified light document: Happy Path",
            "fullTitle": "Lighting API unit tests Should delete the specified light document: Happy Path",
            "timedOut": false,
            "duration": 17,
            "state": "passed",
            "speed": "fast",
            "pass": true,
            "fail": false,
            "pending": false,
            "code": "(0, _supertest2.default)(_server.server).get(\"/api/lighting\").expect(\"Content-type\", /json/).expect(200).end(function (err, res) {\n  var id = res.body[0]._id;\n  (0, _supertest2.default)(_server.server).get(\"/api/lighting/\" + id).expect(\"Content-type\", /json/).expect(200).end(function (err, res) {\n    res.status.should.equal(200);\n    res.body.light.should.have.property('_id');\n    res.body.light.should.have.property('title');\n    res.body.light.should.have.property('areaId');\n    res.body.light.should.have.property('lightOn');\n    res.body.light._id.should.equal(id);\n    done();\n  });\n});",
            "err": {},
            "isRoot": false,
            "uuid": "5c2b583b-d12c-4c7c-b765-09609eb87b9f",
            "parentUUID": "15b64d43-cb62-46bb-86aa-668cd54a70e9",
            "skipped": false
          },
          {
            "title": "Should update the specified light document: Happy Path",
            "fullTitle": "Lighting API unit tests Should update the specified light document: Happy Path",
            "timedOut": false,
            "duration": 20,
            "state": "passed",
            "speed": "fast",
            "pass": true,
            "fail": false,
            "pending": false,
            "code": "(0, _supertest2.default)(_server.server).get(\"/api/lighting\").expect(\"Content-type\", /json/).expect(200).end(function (err, res) {\n  var id = res.body[0]._id;\n  (0, _supertest2.default)(_server.server).put(\"/api/lighting/\" + id).send({ lightOn: false }).expect(\"Content-type\", /json/).expect(200).end(function (err, res) {\n    res.status.should.equal(200);\n    res.body.updated.should.have.property('_id');\n    res.body.updated.should.have.property('title');\n    res.body.updated.should.have.property('areaId');\n    res.body.updated.should.have.property('lightOn');\n    res.body.updated._id.should.equal(id);\n    res.body.updated.lightOn.should.equal(false);\n    done();\n  });\n});",
            "err": {},
            "isRoot": false,
            "uuid": "6eda0b3a-0c0b-45d1-ab04-49377fe40cf8",
            "parentUUID": "15b64d43-cb62-46bb-86aa-668cd54a70e9",
            "skipped": false
          },
          {
            "title": "Should fail to add a new light: Non-Happy Path",
            "fullTitle": "Lighting API unit tests Should fail to add a new light: Non-Happy Path",
            "timedOut": false,
            "duration": 14,
            "state": "passed",
            "speed": "fast",
            "pass": true,
            "fail": false,
            "pending": false,
            "code": "(0, _supertest2.default)(_server.server).post('/api/lighting').send({ title: 7, areaId: 'abcd' }).expect(\"Content-type\", /json/).expect(500).end(function (err, res) {\n  res.status.should.equal(500);\n  done();\n});",
            "err": {},
            "isRoot": false,
            "uuid": "6eda1504-f21e-4359-b7e4-a7213d4da472",
            "parentUUID": "15b64d43-cb62-46bb-86aa-668cd54a70e9",
            "skipped": false
          },
          {
            "title": "Should fail to get the specified light document: Non-Happy Path",
            "fullTitle": "Lighting API unit tests Should fail to get the specified light document: Non-Happy Path",
            "timedOut": false,
            "duration": 4,
            "state": "passed",
            "speed": "fast",
            "pass": true,
            "fail": false,
            "pending": false,
            "code": "(0, _supertest2.default)(_server.server).get(\"/api/lighting/deadbeefdeadbeef\").expect(\"Content-type\", /json/).expect(404).end(function (err, res) {\n  res.status.should.equal(404);\n  done();\n});",
            "err": {},
            "isRoot": false,
            "uuid": "ba58c59d-a7d8-47a2-a2b5-a89ab611e137",
            "parentUUID": "15b64d43-cb62-46bb-86aa-668cd54a70e9",
            "skipped": false
          }
        ],
        "pending": [],
        "root": false,
        "_timeout": 120000,
        "file": "\\test\\testLightingApi.js",
        "uuid": "15b64d43-cb62-46bb-86aa-668cd54a70e9",
        "fullFile": "X:\\EnterpriseWebDevelopment\\lab07\\Assignment02\\homeautomation\\test\\testLightingApi.js",
        "passes": [
          {
            "title": "Should return collection of JSON documents: Happy Path",
            "fullTitle": "Lighting API unit tests Should return collection of JSON documents: Happy Path",
            "timedOut": false,
            "duration": 18,
            "state": "passed",
            "speed": "fast",
            "pass": true,
            "fail": false,
            "pending": false,
            "code": "(0, _supertest2.default)(_server.server).get(\"/api/lighting\").expect(\"Content-type\", /json/).expect(200).end(function (err, res) {\n  res.status.should.equal(200);\n  done();\n});",
            "err": {},
            "isRoot": false,
            "uuid": "8f423b59-3055-4d87-9616-ba2b87ab5c56",
            "parentUUID": "15b64d43-cb62-46bb-86aa-668cd54a70e9",
            "skipped": false
          },
          {
            "title": "Should add a new light: Happy Path",
            "fullTitle": "Lighting API unit tests Should add a new light: Happy Path",
            "timedOut": false,
            "duration": 52,
            "state": "passed",
            "speed": "medium",
            "pass": true,
            "fail": false,
            "pending": false,
            "code": "(0, _supertest2.default)(_server.server).post('/api/lighting').send({ title: \"Dog House\", areaId: 1, lightOn: false }).expect(\"Content-type\", /json/).expect(200).end(function (err, res) {\n  res.status.should.equal(200);\n  res.body.light.should.have.property('_id');\n  res.body.light.title.should.equal('Dog House');\n  done();\n});",
            "err": {},
            "isRoot": false,
            "uuid": "c54ddf7f-0afd-4a63-9c2d-4103dc778066",
            "parentUUID": "15b64d43-cb62-46bb-86aa-668cd54a70e9",
            "skipped": false
          },
          {
            "title": "Should update all appropriate lights documents and return the number of updated documents: Happy Path",
            "fullTitle": "Lighting API unit tests Should update all appropriate lights documents and return the number of updated documents: Happy Path",
            "timedOut": false,
            "duration": 13,
            "state": "passed",
            "speed": "fast",
            "pass": true,
            "fail": false,
            "pending": false,
            "code": "(0, _supertest2.default)(_server.server).put('/api/lighting').send({ lightOn: true }).expect(\"Content-type\", /json/).expect(200).end(function (err, res) {\n  res.status.should.equal(200);\n  res.body.should.have.property('num');\n  done();\n});",
            "err": {},
            "isRoot": false,
            "uuid": "d704bbba-188a-4134-8883-994843f441e0",
            "parentUUID": "15b64d43-cb62-46bb-86aa-668cd54a70e9",
            "skipped": false
          },
          {
            "title": "Should delete the specified light document: Happy Path",
            "fullTitle": "Lighting API unit tests Should delete the specified light document: Happy Path",
            "timedOut": false,
            "duration": 24,
            "state": "passed",
            "speed": "fast",
            "pass": true,
            "fail": false,
            "pending": false,
            "code": "(0, _supertest2.default)(_server.server).get(\"/api/lighting\").expect(\"Content-type\", /json/).expect(200).end(function (err, res) {\n  var id = res.body[0]._id;\n  (0, _supertest2.default)(_server.server).delete(\"/api/lighting/\" + id).expect(\"Content-type\", /json/).expect(200).end(function (err, res) {\n    res.status.should.equal(200);\n    res.body.light.should.have.property('_id');\n    res.body.light.should.have.property('title');\n    res.body.light.should.have.property('areaId');\n    res.body.light.should.have.property('lightOn');\n    done();\n  });\n});",
            "err": {},
            "isRoot": false,
            "uuid": "0855b0d1-8949-4937-baca-9999446ee141",
            "parentUUID": "15b64d43-cb62-46bb-86aa-668cd54a70e9",
            "skipped": false
          },
          {
            "title": "Should delete the specified light document: Happy Path",
            "fullTitle": "Lighting API unit tests Should delete the specified light document: Happy Path",
            "timedOut": false,
            "duration": 17,
            "state": "passed",
            "speed": "fast",
            "pass": true,
            "fail": false,
            "pending": false,
            "code": "(0, _supertest2.default)(_server.server).get(\"/api/lighting\").expect(\"Content-type\", /json/).expect(200).end(function (err, res) {\n  var id = res.body[0]._id;\n  (0, _supertest2.default)(_server.server).get(\"/api/lighting/\" + id).expect(\"Content-type\", /json/).expect(200).end(function (err, res) {\n    res.status.should.equal(200);\n    res.body.light.should.have.property('_id');\n    res.body.light.should.have.property('title');\n    res.body.light.should.have.property('areaId');\n    res.body.light.should.have.property('lightOn');\n    res.body.light._id.should.equal(id);\n    done();\n  });\n});",
            "err": {},
            "isRoot": false,
            "uuid": "5c2b583b-d12c-4c7c-b765-09609eb87b9f",
            "parentUUID": "15b64d43-cb62-46bb-86aa-668cd54a70e9",
            "skipped": false
          },
          {
            "title": "Should update the specified light document: Happy Path",
            "fullTitle": "Lighting API unit tests Should update the specified light document: Happy Path",
            "timedOut": false,
            "duration": 20,
            "state": "passed",
            "speed": "fast",
            "pass": true,
            "fail": false,
            "pending": false,
            "code": "(0, _supertest2.default)(_server.server).get(\"/api/lighting\").expect(\"Content-type\", /json/).expect(200).end(function (err, res) {\n  var id = res.body[0]._id;\n  (0, _supertest2.default)(_server.server).put(\"/api/lighting/\" + id).send({ lightOn: false }).expect(\"Content-type\", /json/).expect(200).end(function (err, res) {\n    res.status.should.equal(200);\n    res.body.updated.should.have.property('_id');\n    res.body.updated.should.have.property('title');\n    res.body.updated.should.have.property('areaId');\n    res.body.updated.should.have.property('lightOn');\n    res.body.updated._id.should.equal(id);\n    res.body.updated.lightOn.should.equal(false);\n    done();\n  });\n});",
            "err": {},
            "isRoot": false,
            "uuid": "6eda0b3a-0c0b-45d1-ab04-49377fe40cf8",
            "parentUUID": "15b64d43-cb62-46bb-86aa-668cd54a70e9",
            "skipped": false
          },
          {
            "title": "Should fail to add a new light: Non-Happy Path",
            "fullTitle": "Lighting API unit tests Should fail to add a new light: Non-Happy Path",
            "timedOut": false,
            "duration": 14,
            "state": "passed",
            "speed": "fast",
            "pass": true,
            "fail": false,
            "pending": false,
            "code": "(0, _supertest2.default)(_server.server).post('/api/lighting').send({ title: 7, areaId: 'abcd' }).expect(\"Content-type\", /json/).expect(500).end(function (err, res) {\n  res.status.should.equal(500);\n  done();\n});",
            "err": {},
            "isRoot": false,
            "uuid": "6eda1504-f21e-4359-b7e4-a7213d4da472",
            "parentUUID": "15b64d43-cb62-46bb-86aa-668cd54a70e9",
            "skipped": false
          },
          {
            "title": "Should fail to get the specified light document: Non-Happy Path",
            "fullTitle": "Lighting API unit tests Should fail to get the specified light document: Non-Happy Path",
            "timedOut": false,
            "duration": 4,
            "state": "passed",
            "speed": "fast",
            "pass": true,
            "fail": false,
            "pending": false,
            "code": "(0, _supertest2.default)(_server.server).get(\"/api/lighting/deadbeefdeadbeef\").expect(\"Content-type\", /json/).expect(404).end(function (err, res) {\n  res.status.should.equal(404);\n  done();\n});",
            "err": {},
            "isRoot": false,
            "uuid": "ba58c59d-a7d8-47a2-a2b5-a89ab611e137",
            "parentUUID": "15b64d43-cb62-46bb-86aa-668cd54a70e9",
            "skipped": false
          }
        ],
        "failures": [],
        "skipped": [],
        "hasTests": true,
        "hasSuites": false,
        "totalTests": 8,
        "totalPasses": 8,
        "totalFailures": 0,
        "totalPending": 0,
        "totalSkipped": 0,
        "hasPasses": true,
        "hasFailures": false,
        "hasPending": false,
        "hasSkipped": false,
        "duration": 162,
        "rootEmpty": false
      }
    ],
    "tests": [],
    "pending": [],
    "root": true,
    "_timeout": 2000,
    "uuid": "2e23e64f-16b3-4af3-914b-fae7e0c80854",
    "fullFile": "",
    "file": "",
    "passes": [],
    "failures": [],
    "skipped": [],
    "hasTests": false,
    "hasSuites": true,
    "totalTests": 0,
    "totalPasses": 0,
    "totalFailures": 0,
    "totalPending": 0,
    "totalSkipped": 0,
    "hasPasses": false,
    "hasFailures": false,
    "hasPending": false,
    "hasSkipped": false,
    "duration": 0,
    "rootEmpty": true
  },
  "allTests": [
    {
      "title": "Should return the heating downstairs document: Happy Path",
      "fullTitle": "Heating API unit tests Should return the heating downstairs document: Happy Path",
      "timedOut": false,
      "duration": 2763,
      "state": "passed",
      "speed": "slow",
      "pass": true,
      "fail": false,
      "pending": false,
      "code": "this.timeout(120000);\n(0, _supertest2.default)(_server.server).get(\"/api/heating/1\").expect(\"Content-type\", /json/).expect(200).end(function (err, res) {\n  res.status.should.equal(200);\n  done();\n});",
      "err": {},
      "isRoot": false,
      "uuid": "6b47e69d-e764-492a-a254-717dbddcd2d0",
      "parentUUID": "e850602f-6e45-4592-9ac0-a91a22af89e3",
      "skipped": false
    },
    {
      "title": "Should return the downstairs heating On/Off status: Happy Path",
      "fullTitle": "Heating API unit tests Should return the downstairs heating On/Off status: Happy Path",
      "timedOut": false,
      "duration": 25,
      "state": "passed",
      "speed": "fast",
      "pass": true,
      "fail": false,
      "pending": false,
      "code": "this.timeout(120000);\n(0, _supertest2.default)(_server.server).get(\"/api/heating/1/switch\").expect(\"Content-type\", /json/).expect(200).end(function (err, res) {\n  res.status.should.equal(200);\n  res.body.should.have.property('heatingOn');\n  done();\n});",
      "err": {},
      "isRoot": false,
      "uuid": "a6d402f7-789f-4689-80d1-43639520a03f",
      "parentUUID": "e850602f-6e45-4592-9ac0-a91a22af89e3",
      "skipped": false
    },
    {
      "title": "Should return the downstairs heating thermostat value: Happy Path",
      "fullTitle": "Heating API unit tests Should return the downstairs heating thermostat value: Happy Path",
      "timedOut": false,
      "duration": 7,
      "state": "passed",
      "speed": "fast",
      "pass": true,
      "fail": false,
      "pending": false,
      "code": "this.timeout(120000);\n(0, _supertest2.default)(_server.server).get(\"/api/heating/1/setpoint\").expect(\"Content-type\", /json/).expect(200).end(function (err, res) {\n  res.status.should.equal(200);\n  res.body.should.have.property('setPoint');\n  done();\n});",
      "err": {},
      "isRoot": false,
      "uuid": "7a7e5a33-18f7-4c50-bd33-a4659bd841e4",
      "parentUUID": "e850602f-6e45-4592-9ac0-a91a22af89e3",
      "skipped": false
    },
    {
      "title": "Should return the upstairs heating On/Off status: Happy Path",
      "fullTitle": "Heating API unit tests Should return the upstairs heating On/Off status: Happy Path",
      "timedOut": false,
      "duration": 5,
      "state": "passed",
      "speed": "fast",
      "pass": true,
      "fail": false,
      "pending": false,
      "code": "this.timeout(120000);\n(0, _supertest2.default)(_server.server).get(\"/api/heating/2/switch\").expect(\"Content-type\", /json/).expect(200).end(function (err, res) {\n  res.status.should.equal(200);\n  res.body.should.have.property('heatingOn');\n  done();\n});",
      "err": {},
      "isRoot": false,
      "uuid": "3d64dc46-d278-40c1-910e-2a79b8cc80ed",
      "parentUUID": "e850602f-6e45-4592-9ac0-a91a22af89e3",
      "skipped": false
    },
    {
      "title": "Should return the upstairs heating thermostat value: Happy Path",
      "fullTitle": "Heating API unit tests Should return the upstairs heating thermostat value: Happy Path",
      "timedOut": false,
      "duration": 11,
      "state": "passed",
      "speed": "fast",
      "pass": true,
      "fail": false,
      "pending": false,
      "code": "this.timeout(120000);\n(0, _supertest2.default)(_server.server).get(\"/api/heating/2/setpoint\").expect(\"Content-type\", /json/).expect(200).end(function (err, res) {\n  res.status.should.equal(200);\n  res.body.should.have.property('setPoint');\n  done();\n});",
      "err": {},
      "isRoot": false,
      "uuid": "e04d0fca-3c58-4cb1-811c-e75b754b9b55",
      "parentUUID": "e850602f-6e45-4592-9ac0-a91a22af89e3",
      "skipped": false
    },
    {
      "title": "Should return collection of JSON documents: Happy Path",
      "fullTitle": "Lighting API unit tests Should return collection of JSON documents: Happy Path",
      "timedOut": false,
      "duration": 18,
      "state": "passed",
      "speed": "fast",
      "pass": true,
      "fail": false,
      "pending": false,
      "code": "(0, _supertest2.default)(_server.server).get(\"/api/lighting\").expect(\"Content-type\", /json/).expect(200).end(function (err, res) {\n  res.status.should.equal(200);\n  done();\n});",
      "err": {},
      "isRoot": false,
      "uuid": "8f423b59-3055-4d87-9616-ba2b87ab5c56",
      "parentUUID": "15b64d43-cb62-46bb-86aa-668cd54a70e9",
      "skipped": false
    },
    {
      "title": "Should add a new light: Happy Path",
      "fullTitle": "Lighting API unit tests Should add a new light: Happy Path",
      "timedOut": false,
      "duration": 52,
      "state": "passed",
      "speed": "medium",
      "pass": true,
      "fail": false,
      "pending": false,
      "code": "(0, _supertest2.default)(_server.server).post('/api/lighting').send({ title: \"Dog House\", areaId: 1, lightOn: false }).expect(\"Content-type\", /json/).expect(200).end(function (err, res) {\n  res.status.should.equal(200);\n  res.body.light.should.have.property('_id');\n  res.body.light.title.should.equal('Dog House');\n  done();\n});",
      "err": {},
      "isRoot": false,
      "uuid": "c54ddf7f-0afd-4a63-9c2d-4103dc778066",
      "parentUUID": "15b64d43-cb62-46bb-86aa-668cd54a70e9",
      "skipped": false
    },
    {
      "title": "Should update all appropriate lights documents and return the number of updated documents: Happy Path",
      "fullTitle": "Lighting API unit tests Should update all appropriate lights documents and return the number of updated documents: Happy Path",
      "timedOut": false,
      "duration": 13,
      "state": "passed",
      "speed": "fast",
      "pass": true,
      "fail": false,
      "pending": false,
      "code": "(0, _supertest2.default)(_server.server).put('/api/lighting').send({ lightOn: true }).expect(\"Content-type\", /json/).expect(200).end(function (err, res) {\n  res.status.should.equal(200);\n  res.body.should.have.property('num');\n  done();\n});",
      "err": {},
      "isRoot": false,
      "uuid": "d704bbba-188a-4134-8883-994843f441e0",
      "parentUUID": "15b64d43-cb62-46bb-86aa-668cd54a70e9",
      "skipped": false
    },
    {
      "title": "Should delete the specified light document: Happy Path",
      "fullTitle": "Lighting API unit tests Should delete the specified light document: Happy Path",
      "timedOut": false,
      "duration": 24,
      "state": "passed",
      "speed": "fast",
      "pass": true,
      "fail": false,
      "pending": false,
      "code": "(0, _supertest2.default)(_server.server).get(\"/api/lighting\").expect(\"Content-type\", /json/).expect(200).end(function (err, res) {\n  var id = res.body[0]._id;\n  (0, _supertest2.default)(_server.server).delete(\"/api/lighting/\" + id).expect(\"Content-type\", /json/).expect(200).end(function (err, res) {\n    res.status.should.equal(200);\n    res.body.light.should.have.property('_id');\n    res.body.light.should.have.property('title');\n    res.body.light.should.have.property('areaId');\n    res.body.light.should.have.property('lightOn');\n    done();\n  });\n});",
      "err": {},
      "isRoot": false,
      "uuid": "0855b0d1-8949-4937-baca-9999446ee141",
      "parentUUID": "15b64d43-cb62-46bb-86aa-668cd54a70e9",
      "skipped": false
    },
    {
      "title": "Should delete the specified light document: Happy Path",
      "fullTitle": "Lighting API unit tests Should delete the specified light document: Happy Path",
      "timedOut": false,
      "duration": 17,
      "state": "passed",
      "speed": "fast",
      "pass": true,
      "fail": false,
      "pending": false,
      "code": "(0, _supertest2.default)(_server.server).get(\"/api/lighting\").expect(\"Content-type\", /json/).expect(200).end(function (err, res) {\n  var id = res.body[0]._id;\n  (0, _supertest2.default)(_server.server).get(\"/api/lighting/\" + id).expect(\"Content-type\", /json/).expect(200).end(function (err, res) {\n    res.status.should.equal(200);\n    res.body.light.should.have.property('_id');\n    res.body.light.should.have.property('title');\n    res.body.light.should.have.property('areaId');\n    res.body.light.should.have.property('lightOn');\n    res.body.light._id.should.equal(id);\n    done();\n  });\n});",
      "err": {},
      "isRoot": false,
      "uuid": "5c2b583b-d12c-4c7c-b765-09609eb87b9f",
      "parentUUID": "15b64d43-cb62-46bb-86aa-668cd54a70e9",
      "skipped": false
    },
    {
      "title": "Should update the specified light document: Happy Path",
      "fullTitle": "Lighting API unit tests Should update the specified light document: Happy Path",
      "timedOut": false,
      "duration": 20,
      "state": "passed",
      "speed": "fast",
      "pass": true,
      "fail": false,
      "pending": false,
      "code": "(0, _supertest2.default)(_server.server).get(\"/api/lighting\").expect(\"Content-type\", /json/).expect(200).end(function (err, res) {\n  var id = res.body[0]._id;\n  (0, _supertest2.default)(_server.server).put(\"/api/lighting/\" + id).send({ lightOn: false }).expect(\"Content-type\", /json/).expect(200).end(function (err, res) {\n    res.status.should.equal(200);\n    res.body.updated.should.have.property('_id');\n    res.body.updated.should.have.property('title');\n    res.body.updated.should.have.property('areaId');\n    res.body.updated.should.have.property('lightOn');\n    res.body.updated._id.should.equal(id);\n    res.body.updated.lightOn.should.equal(false);\n    done();\n  });\n});",
      "err": {},
      "isRoot": false,
      "uuid": "6eda0b3a-0c0b-45d1-ab04-49377fe40cf8",
      "parentUUID": "15b64d43-cb62-46bb-86aa-668cd54a70e9",
      "skipped": false
    },
    {
      "title": "Should fail to add a new light: Non-Happy Path",
      "fullTitle": "Lighting API unit tests Should fail to add a new light: Non-Happy Path",
      "timedOut": false,
      "duration": 14,
      "state": "passed",
      "speed": "fast",
      "pass": true,
      "fail": false,
      "pending": false,
      "code": "(0, _supertest2.default)(_server.server).post('/api/lighting').send({ title: 7, areaId: 'abcd' }).expect(\"Content-type\", /json/).expect(500).end(function (err, res) {\n  res.status.should.equal(500);\n  done();\n});",
      "err": {},
      "isRoot": false,
      "uuid": "6eda1504-f21e-4359-b7e4-a7213d4da472",
      "parentUUID": "15b64d43-cb62-46bb-86aa-668cd54a70e9",
      "skipped": false
    },
    {
      "title": "Should fail to get the specified light document: Non-Happy Path",
      "fullTitle": "Lighting API unit tests Should fail to get the specified light document: Non-Happy Path",
      "timedOut": false,
      "duration": 4,
      "state": "passed",
      "speed": "fast",
      "pass": true,
      "fail": false,
      "pending": false,
      "code": "(0, _supertest2.default)(_server.server).get(\"/api/lighting/deadbeefdeadbeef\").expect(\"Content-type\", /json/).expect(404).end(function (err, res) {\n  res.status.should.equal(404);\n  done();\n});",
      "err": {},
      "isRoot": false,
      "uuid": "ba58c59d-a7d8-47a2-a2b5-a89ab611e137",
      "parentUUID": "15b64d43-cb62-46bb-86aa-668cd54a70e9",
      "skipped": false
    }
  ],
  "allPending": [],
  "allPasses": [
    {
      "title": "Should return the heating downstairs document: Happy Path",
      "fullTitle": "Heating API unit tests Should return the heating downstairs document: Happy Path",
      "timedOut": false,
      "duration": 2763,
      "state": "passed",
      "speed": "slow",
      "pass": true,
      "fail": false,
      "pending": false,
      "code": "this.timeout(120000);\n(0, _supertest2.default)(_server.server).get(\"/api/heating/1\").expect(\"Content-type\", /json/).expect(200).end(function (err, res) {\n  res.status.should.equal(200);\n  done();\n});",
      "err": {},
      "isRoot": false,
      "uuid": "6b47e69d-e764-492a-a254-717dbddcd2d0",
      "parentUUID": "e850602f-6e45-4592-9ac0-a91a22af89e3",
      "skipped": false
    },
    {
      "title": "Should return the downstairs heating On/Off status: Happy Path",
      "fullTitle": "Heating API unit tests Should return the downstairs heating On/Off status: Happy Path",
      "timedOut": false,
      "duration": 25,
      "state": "passed",
      "speed": "fast",
      "pass": true,
      "fail": false,
      "pending": false,
      "code": "this.timeout(120000);\n(0, _supertest2.default)(_server.server).get(\"/api/heating/1/switch\").expect(\"Content-type\", /json/).expect(200).end(function (err, res) {\n  res.status.should.equal(200);\n  res.body.should.have.property('heatingOn');\n  done();\n});",
      "err": {},
      "isRoot": false,
      "uuid": "a6d402f7-789f-4689-80d1-43639520a03f",
      "parentUUID": "e850602f-6e45-4592-9ac0-a91a22af89e3",
      "skipped": false
    },
    {
      "title": "Should return the downstairs heating thermostat value: Happy Path",
      "fullTitle": "Heating API unit tests Should return the downstairs heating thermostat value: Happy Path",
      "timedOut": false,
      "duration": 7,
      "state": "passed",
      "speed": "fast",
      "pass": true,
      "fail": false,
      "pending": false,
      "code": "this.timeout(120000);\n(0, _supertest2.default)(_server.server).get(\"/api/heating/1/setpoint\").expect(\"Content-type\", /json/).expect(200).end(function (err, res) {\n  res.status.should.equal(200);\n  res.body.should.have.property('setPoint');\n  done();\n});",
      "err": {},
      "isRoot": false,
      "uuid": "7a7e5a33-18f7-4c50-bd33-a4659bd841e4",
      "parentUUID": "e850602f-6e45-4592-9ac0-a91a22af89e3",
      "skipped": false
    },
    {
      "title": "Should return the upstairs heating On/Off status: Happy Path",
      "fullTitle": "Heating API unit tests Should return the upstairs heating On/Off status: Happy Path",
      "timedOut": false,
      "duration": 5,
      "state": "passed",
      "speed": "fast",
      "pass": true,
      "fail": false,
      "pending": false,
      "code": "this.timeout(120000);\n(0, _supertest2.default)(_server.server).get(\"/api/heating/2/switch\").expect(\"Content-type\", /json/).expect(200).end(function (err, res) {\n  res.status.should.equal(200);\n  res.body.should.have.property('heatingOn');\n  done();\n});",
      "err": {},
      "isRoot": false,
      "uuid": "3d64dc46-d278-40c1-910e-2a79b8cc80ed",
      "parentUUID": "e850602f-6e45-4592-9ac0-a91a22af89e3",
      "skipped": false
    },
    {
      "title": "Should return the upstairs heating thermostat value: Happy Path",
      "fullTitle": "Heating API unit tests Should return the upstairs heating thermostat value: Happy Path",
      "timedOut": false,
      "duration": 11,
      "state": "passed",
      "speed": "fast",
      "pass": true,
      "fail": false,
      "pending": false,
      "code": "this.timeout(120000);\n(0, _supertest2.default)(_server.server).get(\"/api/heating/2/setpoint\").expect(\"Content-type\", /json/).expect(200).end(function (err, res) {\n  res.status.should.equal(200);\n  res.body.should.have.property('setPoint');\n  done();\n});",
      "err": {},
      "isRoot": false,
      "uuid": "e04d0fca-3c58-4cb1-811c-e75b754b9b55",
      "parentUUID": "e850602f-6e45-4592-9ac0-a91a22af89e3",
      "skipped": false
    },
    {
      "title": "Should return collection of JSON documents: Happy Path",
      "fullTitle": "Lighting API unit tests Should return collection of JSON documents: Happy Path",
      "timedOut": false,
      "duration": 18,
      "state": "passed",
      "speed": "fast",
      "pass": true,
      "fail": false,
      "pending": false,
      "code": "(0, _supertest2.default)(_server.server).get(\"/api/lighting\").expect(\"Content-type\", /json/).expect(200).end(function (err, res) {\n  res.status.should.equal(200);\n  done();\n});",
      "err": {},
      "isRoot": false,
      "uuid": "8f423b59-3055-4d87-9616-ba2b87ab5c56",
      "parentUUID": "15b64d43-cb62-46bb-86aa-668cd54a70e9",
      "skipped": false
    },
    {
      "title": "Should add a new light: Happy Path",
      "fullTitle": "Lighting API unit tests Should add a new light: Happy Path",
      "timedOut": false,
      "duration": 52,
      "state": "passed",
      "speed": "medium",
      "pass": true,
      "fail": false,
      "pending": false,
      "code": "(0, _supertest2.default)(_server.server).post('/api/lighting').send({ title: \"Dog House\", areaId: 1, lightOn: false }).expect(\"Content-type\", /json/).expect(200).end(function (err, res) {\n  res.status.should.equal(200);\n  res.body.light.should.have.property('_id');\n  res.body.light.title.should.equal('Dog House');\n  done();\n});",
      "err": {},
      "isRoot": false,
      "uuid": "c54ddf7f-0afd-4a63-9c2d-4103dc778066",
      "parentUUID": "15b64d43-cb62-46bb-86aa-668cd54a70e9",
      "skipped": false
    },
    {
      "title": "Should update all appropriate lights documents and return the number of updated documents: Happy Path",
      "fullTitle": "Lighting API unit tests Should update all appropriate lights documents and return the number of updated documents: Happy Path",
      "timedOut": false,
      "duration": 13,
      "state": "passed",
      "speed": "fast",
      "pass": true,
      "fail": false,
      "pending": false,
      "code": "(0, _supertest2.default)(_server.server).put('/api/lighting').send({ lightOn: true }).expect(\"Content-type\", /json/).expect(200).end(function (err, res) {\n  res.status.should.equal(200);\n  res.body.should.have.property('num');\n  done();\n});",
      "err": {},
      "isRoot": false,
      "uuid": "d704bbba-188a-4134-8883-994843f441e0",
      "parentUUID": "15b64d43-cb62-46bb-86aa-668cd54a70e9",
      "skipped": false
    },
    {
      "title": "Should delete the specified light document: Happy Path",
      "fullTitle": "Lighting API unit tests Should delete the specified light document: Happy Path",
      "timedOut": false,
      "duration": 24,
      "state": "passed",
      "speed": "fast",
      "pass": true,
      "fail": false,
      "pending": false,
      "code": "(0, _supertest2.default)(_server.server).get(\"/api/lighting\").expect(\"Content-type\", /json/).expect(200).end(function (err, res) {\n  var id = res.body[0]._id;\n  (0, _supertest2.default)(_server.server).delete(\"/api/lighting/\" + id).expect(\"Content-type\", /json/).expect(200).end(function (err, res) {\n    res.status.should.equal(200);\n    res.body.light.should.have.property('_id');\n    res.body.light.should.have.property('title');\n    res.body.light.should.have.property('areaId');\n    res.body.light.should.have.property('lightOn');\n    done();\n  });\n});",
      "err": {},
      "isRoot": false,
      "uuid": "0855b0d1-8949-4937-baca-9999446ee141",
      "parentUUID": "15b64d43-cb62-46bb-86aa-668cd54a70e9",
      "skipped": false
    },
    {
      "title": "Should delete the specified light document: Happy Path",
      "fullTitle": "Lighting API unit tests Should delete the specified light document: Happy Path",
      "timedOut": false,
      "duration": 17,
      "state": "passed",
      "speed": "fast",
      "pass": true,
      "fail": false,
      "pending": false,
      "code": "(0, _supertest2.default)(_server.server).get(\"/api/lighting\").expect(\"Content-type\", /json/).expect(200).end(function (err, res) {\n  var id = res.body[0]._id;\n  (0, _supertest2.default)(_server.server).get(\"/api/lighting/\" + id).expect(\"Content-type\", /json/).expect(200).end(function (err, res) {\n    res.status.should.equal(200);\n    res.body.light.should.have.property('_id');\n    res.body.light.should.have.property('title');\n    res.body.light.should.have.property('areaId');\n    res.body.light.should.have.property('lightOn');\n    res.body.light._id.should.equal(id);\n    done();\n  });\n});",
      "err": {},
      "isRoot": false,
      "uuid": "5c2b583b-d12c-4c7c-b765-09609eb87b9f",
      "parentUUID": "15b64d43-cb62-46bb-86aa-668cd54a70e9",
      "skipped": false
    },
    {
      "title": "Should update the specified light document: Happy Path",
      "fullTitle": "Lighting API unit tests Should update the specified light document: Happy Path",
      "timedOut": false,
      "duration": 20,
      "state": "passed",
      "speed": "fast",
      "pass": true,
      "fail": false,
      "pending": false,
      "code": "(0, _supertest2.default)(_server.server).get(\"/api/lighting\").expect(\"Content-type\", /json/).expect(200).end(function (err, res) {\n  var id = res.body[0]._id;\n  (0, _supertest2.default)(_server.server).put(\"/api/lighting/\" + id).send({ lightOn: false }).expect(\"Content-type\", /json/).expect(200).end(function (err, res) {\n    res.status.should.equal(200);\n    res.body.updated.should.have.property('_id');\n    res.body.updated.should.have.property('title');\n    res.body.updated.should.have.property('areaId');\n    res.body.updated.should.have.property('lightOn');\n    res.body.updated._id.should.equal(id);\n    res.body.updated.lightOn.should.equal(false);\n    done();\n  });\n});",
      "err": {},
      "isRoot": false,
      "uuid": "6eda0b3a-0c0b-45d1-ab04-49377fe40cf8",
      "parentUUID": "15b64d43-cb62-46bb-86aa-668cd54a70e9",
      "skipped": false
    },
    {
      "title": "Should fail to add a new light: Non-Happy Path",
      "fullTitle": "Lighting API unit tests Should fail to add a new light: Non-Happy Path",
      "timedOut": false,
      "duration": 14,
      "state": "passed",
      "speed": "fast",
      "pass": true,
      "fail": false,
      "pending": false,
      "code": "(0, _supertest2.default)(_server.server).post('/api/lighting').send({ title: 7, areaId: 'abcd' }).expect(\"Content-type\", /json/).expect(500).end(function (err, res) {\n  res.status.should.equal(500);\n  done();\n});",
      "err": {},
      "isRoot": false,
      "uuid": "6eda1504-f21e-4359-b7e4-a7213d4da472",
      "parentUUID": "15b64d43-cb62-46bb-86aa-668cd54a70e9",
      "skipped": false
    },
    {
      "title": "Should fail to get the specified light document: Non-Happy Path",
      "fullTitle": "Lighting API unit tests Should fail to get the specified light document: Non-Happy Path",
      "timedOut": false,
      "duration": 4,
      "state": "passed",
      "speed": "fast",
      "pass": true,
      "fail": false,
      "pending": false,
      "code": "(0, _supertest2.default)(_server.server).get(\"/api/lighting/deadbeefdeadbeef\").expect(\"Content-type\", /json/).expect(404).end(function (err, res) {\n  res.status.should.equal(404);\n  done();\n});",
      "err": {},
      "isRoot": false,
      "uuid": "ba58c59d-a7d8-47a2-a2b5-a89ab611e137",
      "parentUUID": "15b64d43-cb62-46bb-86aa-668cd54a70e9",
      "skipped": false
    }
  ],
  "allFailures": [],
  "copyrightYear": 2017
}